生成启动时间为 2018/11/23 15:44:45。
     1>项目“E:\C\ConsoleApplication9\ConsoleApplication9\ConsoleApplication9.vcxproj”在节点 2 上(Rebuild 个目标)。
     1>ClCompile:
         D:\Program Files (x86)\Microsoft Visual Studio 12.0\VC\bin\CL.exe /c /ZI /nologo /W3 /WX- /sdl /Od /Oy- /D WIN32 /D _DEBUG /D _CONSOLE /D _LIB /D _UNICODE /D UNICODE /Gm /EHsc /RTC1 /MDd /GS /fp:precise /Zc:wchar_t /Zc:forScope /Fo"Debug\\" /Fd"Debug\vc120.pdb" /Gd /TC /analyze- /errorReport:prompt "源.c"
         源.c
     1>e:\c\consoleapplication9\consoleapplication9\源.c(5): error C3872: “0x3000”:  此字符不允许在标识符中使用
     1>e:\c\consoleapplication9\consoleapplication9\源.c(5): warning C4013: “　printf”未定义；假设外部返回 int
     1>e:\c\consoleapplication9\consoleapplication9\源.c(6): error C3872: “0x3000”:  此字符不允许在标识符中使用
     1>e:\c\consoleapplication9\consoleapplication9\源.c(6): error C3872: “0xa0”:  此字符不允许在标识符中使用
     1>e:\c\consoleapplication9\consoleapplication9\源.c(6): warning C4013: “　for ”未定义；假设外部返回 int
     1>e:\c\consoleapplication9\consoleapplication9\源.c(6): error C2143: 语法错误 : 缺少“)”(在“;”的前面)
     1>e:\c\consoleapplication9\consoleapplication9\源.c(6): warning C4552: “<”: 运算符不起任何作用；应输入带副作用的运算符
     1>e:\c\consoleapplication9\consoleapplication9\源.c(6): error C2059: 语法错误:“)”
     1>e:\c\consoleapplication9\consoleapplication9\源.c(7): error C3872: “0x3000”:  此字符不允许在标识符中使用
     1>e:\c\consoleapplication9\consoleapplication9\源.c(7): error C2146: 语法错误: 缺少“;”(在标识符“　　”的前面)
     1>e:\c\consoleapplication9\consoleapplication9\源.c(7): error C2065: “　　”: 未声明的标识符
     1>e:\c\consoleapplication9\consoleapplication9\源.c(7): error C2143: 语法错误 : 缺少“;”(在“{”的前面)
     1>e:\c\consoleapplication9\consoleapplication9\源.c(7): error C3872: “0xa0”:  此字符不允许在标识符中使用
     1>e:\c\consoleapplication9\consoleapplication9\源.c(7): warning C4013: “ for”未定义；假设外部返回 int
     1>e:\c\consoleapplication9\consoleapplication9\源.c(7): error C2143: 语法错误 : 缺少“)”(在“;”的前面)
     1>e:\c\consoleapplication9\consoleapplication9\源.c(7): warning C4552: “<”: 运算符不起任何作用；应输入带副作用的运算符
     1>e:\c\consoleapplication9\consoleapplication9\源.c(7): error C2059: 语法错误:“)”
     1>e:\c\consoleapplication9\consoleapplication9\源.c(8): error C3872: “0x3000”:  此字符不允许在标识符中使用
     1>e:\c\consoleapplication9\consoleapplication9\源.c(8): error C2146: 语法错误: 缺少“;”(在标识符“　　　　”的前面)
     1>e:\c\consoleapplication9\consoleapplication9\源.c(8): error C2065: “　　　　”: 未声明的标识符
     1>e:\c\consoleapplication9\consoleapplication9\源.c(8): error C2143: 语法错误 : 缺少“;”(在“{”的前面)
     1>e:\c\consoleapplication9\consoleapplication9\源.c(9): error C3872: “0x3000”:  此字符不允许在标识符中使用
     1>e:\c\consoleapplication9\consoleapplication9\源.c(9): error C2065: “　　　　　result”: 未声明的标识符
     1>e:\c\consoleapplication9\consoleapplication9\源.c(10): error C3872: “0x3000”:  此字符不允许在标识符中使用
     1>e:\c\consoleapplication9\consoleapplication9\源.c(10): warning C4013: “　　　　　printf”未定义；假设外部返回 int
     1>e:\c\consoleapplication9\consoleapplication9\源.c(11): error C3872: “0x3000”:  此字符不允许在标识符中使用
     1>e:\c\consoleapplication9\consoleapplication9\源.c(11): error C2065: “　　　　”: 未声明的标识符
     1>e:\c\consoleapplication9\consoleapplication9\源.c(11): error C2143: 语法错误 : 缺少“;”(在“}”的前面)
     1>e:\c\consoleapplication9\consoleapplication9\源.c(12): error C3872: “0x3000”:  此字符不允许在标识符中使用
     1>e:\c\consoleapplication9\consoleapplication9\源.c(13): error C2065: “　　　”: 未声明的标识符
     1>e:\c\consoleapplication9\consoleapplication9\源.c(13): fatal error C1075: 与左侧的 大括号“{”(位于“e:\c\consoleapplication9\consoleapplication9\源.c(7)”)匹配之前遇到文件结束
     1>已完成生成项目“E:\C\ConsoleApplication9\ConsoleApplication9\ConsoleApplication9.vcxproj”(Rebuild 个目标)的操作 - 失败。

生成失败。

已用时间 00:00:00.89
